#
# A fatal error has been detected by the Java Runtime Environment:
#
#  SIGBUS (0xa) at pc=0x00007fff8a30543a, pid=23265, tid=4867
#
# JRE version: Java(TM) SE Runtime Environment (8.0_05-b13) (build 1.8.0_05-b13)
# Java VM: Java HotSpot(TM) 64-Bit Server VM (25.5-b02 mixed mode bsd-amd64 compressed oops)
# Problematic frame:
# C  [libsystem_platform.dylib+0x143a]  _platform_memmove$VARIANT$Nehalem+0xfa
#
# Failed to write core dump. Core dumps have been disabled. To enable core dumping, try "ulimit -c unlimited" before starting Java again
#
# If you would like to submit a bug report, please visit:
#   http://bugreport.sun.com/bugreport/crash.jsp
#

---------------  T H R E A D  ---------------

Current thread (0x00007ff069002000):  JavaThread "main" [_thread_in_vm, id=0, stack(0x000000010eac1000,0x000000010ebc1000)]

siginfo:si_signo=SIGBUS: si_errno=0, si_code=2 (BUS_ADRERR), si_addr=0x00000007aac80000

Registers:
RAX=0x00007ff068451150, RBX=0x0000000004000000, RCX=0x0000000000000010, RDX=0x0000000003f09a30
RSP=0x000000010ebbf340, RBP=0x000000010ebbf340, RSI=0x00000007aac7ffe0, RDI=0x00007ff0685476e0
R8 =0x00007ff068451150, R9 =0x00007ff069002000, R10=0x000000010e472270, R11=0x00007fe8bd8c7700
R12=0x0000000000000000, R13=0x00007ff069002000, R14=0x0000000000000004, R15=0x000000010ebc0830
RIP=0x00007fff8a30543a, EFLAGS=0x0000000000010202, ERR=0x0000000000000004
  TRAPNO=0x000000000000000e

Top of Stack: (sp=0x000000010ebbf340)
0x000000010ebbf340:   000000010ebbf3b0 000000010def6c05
0x000000010ebbf350:   00007ff068451150 00007ff069002000
0x000000010ebbf360:   0000000000000000 000000010d2d2a00
0x000000010ebbf370:   0000000000000010 00007ff069002000
0x000000010ebbf380:   00007ff069002000 00007ff068424a00
0x000000010ebbf390:   0000000000000000 0000000000000001
0x000000010ebbf3a0:   000000010ebc0830 000000010ebc0810
0x000000010ebbf3b0:   000000010ebbf450 00000001248a538c
0x000000010ebbf3c0:   00007ff000000000 000000010ebc0810
0x000000010ebbf3d0:   000000010ebc0808 0000000000000002
0x000000010ebbf3e0:   0000000100000000 000000010ebc0818
0x000000010ebbf3f0:   000000010d2ff000 00007ff068451150
0x000000010ebbf400:   000000010ebc0810 000000010ebc0808
0x000000010ebbf410:   00007ff068451670 000000010ebc0818
0x000000010ebbf420:   0000000400000000 00007ff068451150
0x000000010ebbf430:   0000000000000001 00007ff068451690
0x000000010ebbf440:   00007ff06844f5f0 00007ff068451670
0x000000010ebbf450:   000000010ebbf500 00000001248ccc84
0x000000010ebbf460:   00007ff068451690 0000000000000002
0x000000010ebbf470:   0000000100000000 00007ff06844f5f0
0x000000010ebbf480:   000000010ebbf790 000000010ebbf798
0x000000010ebbf490:   0000000068535440 000000010ebbf788
0x000000010ebbf4a0:   0000000000000004 000000018ebc8395
0x000000010ebbf4b0:   00007ff068451690 00007ff06844fab0
0x000000010ebbf4c0:   00007ff068451150 00007ff068451670
0x000000010ebbf4d0:   0000000124a112b0 00007ff068451570
0x000000010ebbf4e0:   00007ff06844fe90 00007ff06844fd10
0x000000010ebbf4f0:   00007ff068418e10 00007ff068535aa0
0x000000010ebbf500:   000000010ebbfaf0 00000001249758e7
0x000000010ebbf510:   0000000100000000 000000010ebbf780
0x000000010ebbf520:   00007ff000000000 000000010ebbf778
0x000000010ebbf530:   00007ff000000000 00007ff068535700 

Instructions: (pc=0x00007fff8a30543a)
0x00007fff8a30541a:   d4 eb 33 0f 1f 00 0f 29 0f 0f 29 57 10 0f 29 5f
0x00007fff8a30542a:   20 0f 29 67 30 48 83 c7 40 0f 28 0e 0f 28 56 10
0x00007fff8a30543a:   0f 28 5e 20 0f 28 66 30 48 83 c6 40 48 83 ea 40
0x00007fff8a30544a:   77 d4 0f 1f 40 00 0f 10 2c 16 0f 10 74 16 10 0f 

Register to memory mapping:

RAX=
[error occurred during error reporting (printing register info), id 0xb]

Stack: [0x000000010eac1000,0x000000010ebc1000],  sp=0x000000010ebbf340,  free space=1016k
Native frames: (J=compiled Java code, j=interpreted, Vv=VM code, C=native code)
C  [libsystem_platform.dylib+0x143a]  _platform_memmove$VARIANT$Nehalem+0xfa
V  [libjvm.dylib+0x2f6c05]  jni_GetDoubleArrayRegion+0x10c
C  [libjipopt.so+0x138c]  Jipopt::get_starting_point(int, bool, double*, bool, double*, double*, int, bool, double*)+0xbc
C  [+0x22c84]  Ipopt::TNLPAdapter::GetStartingPoint(Ipopt::SmartPtr<Ipopt::Vector>, bool, Ipopt::SmartPtr<Ipopt::Vector>, bool, Ipopt::SmartPtr<Ipopt::Vector>, bool, Ipopt::SmartPtr<Ipopt::Vector>, bool, Ipopt::SmartPtr<Ipopt::Vector>, bool)+0xe4
C  [+0xcb8e7]  Ipopt::OrigIpoptNLP::InitializeStructures(Ipopt::SmartPtr<Ipopt::Vector>&, bool, Ipopt::SmartPtr<Ipopt::Vector>&, bool, Ipopt::SmartPtr<Ipopt::Vector>&, bool, Ipopt::SmartPtr<Ipopt::Vector>&, bool, Ipopt::SmartPtr<Ipopt::Vector>&, bool, Ipopt::SmartPtr<Ipopt::Vector>&, Ipopt::SmartPtr<Ipopt::Vector>&)+0x1c37
C  [+0xa8c41]  Ipopt::IpoptData::InitializeDataStructures(Ipopt::IpoptNLP&, bool, bool, bool, bool, bool)+0xb1
C  [+0x5d9f9]  Ipopt::DefaultIterateInitializer::SetInitialIterates()+0x59
C  [+0x79547]  Ipopt::IpoptAlgorithm::InitializeIterates()+0x17
C  [+0x77cf4]  Ipopt::IpoptAlgorithm::Optimize(bool)+0x154
C  [+0xce9e]  Ipopt::IpoptApplication::call_optimize()+0x3be
C  [+0xc572]  Ipopt::IpoptApplication::OptimizeNLP(Ipopt::SmartPtr<Ipopt::NLP> const&, Ipopt::SmartPtr<Ipopt::AlgorithmBuilder>&)+0x1f2
C  [+0xc32b]  Ipopt::IpoptApplication::OptimizeNLP(Ipopt::SmartPtr<Ipopt::NLP> const&)+0x1b
C  [+0xbff2]  Ipopt::IpoptApplication::OptimizeTNLP(Ipopt::SmartPtr<Ipopt::TNLP> const&)+0xc2
C  [libjipopt.so+0x1dc1]  Java_org_coinor_Ipopt_OptimizeTNLP+0xa1
j  org.coinor.Ipopt.OptimizeTNLP(JLjava/lang/String;[D[D[D[D[D[D[D[D[D)I+0
j  org.coinor.Ipopt.OptimizeNLP()I+47
j  org.coinor.HS071.main([Ljava/lang/String;)V+18
v  ~StubRoutines::0x000000010ec424e7
V  [libjvm.dylib+0x2c5186]  JavaCalls::call_helper(JavaValue*, methodHandle*, JavaCallArguments*, Thread*)+0x6ae
V  [libjvm.dylib+0x2f9c4a]  jni_invoke_static(JNIEnv_*, JavaValue*, _jobject*, JNICallType, _jmethodID*, JNI_ArgumentPusher*, Thread*)+0x1bf
V  [libjvm.dylib+0x2f2e93]  jni_CallStaticVoidMethod+0x15d
C  [java+0x2c89]  JavaMain+0x998
C  [libsystem_pthread.dylib+0x3268]  _pthread_body+0x83
C  [libsystem_pthread.dylib+0x31e5]  _pthread_body+0x0
C  [libsystem_pthread.dylib+0x141d]  thread_start+0xd

Java frames: (J=compiled Java code, j=interpreted, Vv=VM code)
j  org.coinor.Ipopt.OptimizeTNLP(JLjava/lang/String;[D[D[D[D[D[D[D[D[D)I+0
j  org.coinor.Ipopt.OptimizeNLP()I+47
j  org.coinor.HS071.main([Ljava/lang/String;)V+18
v  ~StubRoutines::0x000000010ec424e7

---------------  P R O C E S S  ---------------

Java Threads: ( => current thread )
  0x00007ff069818800 JavaThread "Service Thread" daemon [_thread_blocked, id=19715, stack(0x000000012469c000,0x000000012479c000)]
  0x00007ff06882c800 JavaThread "C1 CompilerThread2" daemon [_thread_blocked, id=19203, stack(0x0000000124599000,0x0000000124699000)]
  0x00007ff06882c000 JavaThread "C2 CompilerThread1" daemon [_thread_blocked, id=18691, stack(0x0000000124496000,0x0000000124596000)]
  0x00007ff069815000 JavaThread "C2 CompilerThread0" daemon [_thread_blocked, id=18179, stack(0x0000000124393000,0x0000000124493000)]
  0x00007ff06a038000 JavaThread "JDWP Command Reader" daemon [_thread_in_native, id=17667, stack(0x0000000124290000,0x0000000124390000)]
  0x00007ff06a037000 JavaThread "JDWP Event Helper Thread" daemon [_thread_blocked, id=17155, stack(0x000000012418d000,0x000000012428d000)]
  0x00007ff06a036800 JavaThread "JDWP Transport Listener: dt_socket" daemon [_thread_blocked, id=16643, stack(0x000000012408a000,0x000000012418a000)]
  0x00007ff06a023800 JavaThread "Signal Dispatcher" daemon [_thread_blocked, id=13335, stack(0x0000000123f80000,0x0000000124080000)]
  0x00007ff069811800 JavaThread "Finalizer" daemon [_thread_blocked, id=11523, stack(0x000000012264b000,0x000000012274b000)]
  0x00007ff069811000 JavaThread "Reference Handler" daemon [_thread_blocked, id=11011, stack(0x0000000122548000,0x0000000122648000)]
=>0x00007ff069002000 JavaThread "main" [_thread_in_vm, id=0, stack(0x000000010eac1000,0x000000010ebc1000)]

Other Threads:
  0x00007ff06980c800 VMThread [stack: 0x0000000122445000,0x0000000122545000] [id=10499]
  0x00007ff06903a000 WatcherThread [stack: 0x000000012479f000,0x000000012489f000] [id=0]

VM state:not at safepoint (normal execution)

VM Mutex/Monitor currently owned by a thread:  ([mutex/lock_event])
[0x00007ff068707da0] Threads_lock - owner thread: 0x00007ff06980c800


[error occurred during error reporting (printing heap information), id 0xb]

CodeCache: size=245760Kb used=1137Kb max_used=1137Kb free=244622Kb
 bounds [0x000000010ec42000, 0x000000010eeb2000, 0x000000011dc42000]
 total_blobs=272 nmethods=37 adapters=159
 compilation: enabled

Compilation events (10 events):
Event: 0.300 Thread 0x00007ff06882c800   33       1       java.lang.Object::<init> (1 bytes)
Event: 0.300 Thread 0x00007ff06882c800 nmethod 33 0x000000010ed5ba90 code [0x000000010ed5bbe0, 0x000000010ed5bcf0]
Event: 0.300 Thread 0x00007ff06882c800   34       3       java.lang.System::getSecurityManager (4 bytes)
Event: 0.300 Thread 0x00007ff06882c800 nmethod 34 0x000000010ed5bd50 code [0x000000010ed5bea0, 0x000000010ed5bfd0]
Event: 0.303 Thread 0x00007ff06882c800   35       3       java.lang.StringBuilder::append (8 bytes)
Event: 0.303 Thread 0x00007ff06882c800 nmethod 35 0x000000010ed5c050 code [0x000000010ed5c1c0, 0x000000010ed5c368]
Event: 0.332 Thread 0x00007ff06882c800   36       3       java.lang.CharacterData::of (120 bytes)
Event: 0.333 Thread 0x00007ff06882c800 nmethod 36 0x000000010ed5d9d0 code [0x000000010ed5db80, 0x000000010ed5e130]
Event: 0.333 Thread 0x00007ff06882c800   37       3       java.lang.CharacterDataLatin1::getProperties (11 bytes)
Event: 0.333 Thread 0x00007ff06882c800 nmethod 37 0x000000010ed5e3d0 code [0x000000010ed5e520, 0x000000010ed5e6b0]


[error occurred during error reporting (printing ring buffers), id 0xb]

Dynamic libraries:
0x0000000009241000 	/System/Library/Frameworks/Cocoa.framework/Versions/A/Cocoa
0x0000000009241000 	/System/Library/Frameworks/Security.framework/Versions/A/Security
0x0000000009241000 	/System/Library/Frameworks/ApplicationServices.framework/Versions/A/ApplicationServices
0x0000000009241000 	/usr/lib/libz.1.dylib
0x0000000009241000 	/usr/lib/libSystem.B.dylib
0x0000000009241000 	/usr/lib/libobjc.A.dylib
0x0000000009241000 	/System/Library/Frameworks/CoreFoundation.framework/Versions/A/CoreFoundation
0x0000000009241000 	/System/Library/Frameworks/Foundation.framework/Versions/C/Foundation
0x0000000009241000 	/System/Library/Frameworks/AppKit.framework/Versions/C/AppKit
0x0000000009241000 	/System/Library/Frameworks/CoreData.framework/Versions/A/CoreData
0x0000000009241000 	/System/Library/PrivateFrameworks/RemoteViewServices.framework/Versions/A/RemoteViewServices
0x0000000009241000 	/System/Library/PrivateFrameworks/UIFoundation.framework/Versions/A/UIFoundation
0x0000000009241000 	/System/Library/Frameworks/IOSurface.framework/Versions/A/IOSurface
0x0000000009241000 	/System/Library/Frameworks/AudioToolbox.framework/Versions/A/AudioToolbox
0x0000000009241000 	/System/Library/Frameworks/AudioUnit.framework/Versions/A/AudioUnit
0x0000000009241000 	/System/Library/PrivateFrameworks/DataDetectorsCore.framework/Versions/A/DataDetectorsCore
0x0000000009241000 	/System/Library/PrivateFrameworks/DesktopServicesPriv.framework/Versions/A/DesktopServicesPriv
0x0000000009241000 	/System/Library/Frameworks/Carbon.framework/Versions/A/Frameworks/HIToolbox.framework/Versions/A/HIToolbox
0x0000000009241000 	/System/Library/Frameworks/QuartzCore.framework/Versions/A/QuartzCore
0x0000000009241000 	/System/Library/Frameworks/Carbon.framework/Versions/A/Frameworks/SpeechRecognition.framework/Versions/A/SpeechRecognition
0x0000000009241000 	/usr/lib/libauto.dylib
0x0000000009241000 	/usr/lib/libicucore.A.dylib
0x0000000009241000 	/usr/lib/libxml2.2.dylib
0x0000000009241000 	/System/Library/PrivateFrameworks/CoreUI.framework/Versions/A/CoreUI
0x0000000009241000 	/System/Library/Frameworks/CoreAudio.framework/Versions/A/CoreAudio
0x0000000009241000 	/System/Library/Frameworks/DiskArbitration.framework/Versions/A/DiskArbitration
0x0000000009241000 	/usr/lib/liblangid.dylib
0x0000000009241000 	/System/Library/PrivateFrameworks/MultitouchSupport.framework/Versions/A/MultitouchSupport
0x0000000009241000 	/System/Library/Frameworks/IOKit.framework/Versions/A/IOKit
0x0000000009241000 	/usr/lib/libDiagnosticMessagesClient.dylib
0x0000000009241000 	/System/Library/Frameworks/CoreServices.framework/Versions/A/CoreServices
0x0000000009241000 	/System/Library/PrivateFrameworks/PerformanceAnalysis.framework/Versions/A/PerformanceAnalysis
0x0000000009241000 	/System/Library/PrivateFrameworks/GenerationalStorage.framework/Versions/A/GenerationalStorage
0x0000000009241000 	/System/Library/Frameworks/OpenGL.framework/Versions/A/OpenGL
0x0000000009241000 	/System/Library/PrivateFrameworks/Sharing.framework/Versions/A/Sharing
0x0000000009241000 	/System/Library/Frameworks/CoreGraphics.framework/Versions/A/CoreGraphics
0x0000000009241000 	/System/Library/Frameworks/CoreText.framework/Versions/A/CoreText
0x0000000009241000 	/System/Library/Frameworks/ImageIO.framework/Versions/A/ImageIO
0x0000000009241000 	/usr/lib/libextension.dylib
0x0000000009241000 	/System/Library/PrivateFrameworks/Backup.framework/Versions/A/Backup
0x0000000009241000 	/usr/lib/libarchive.2.dylib
0x0000000009241000 	/System/Library/Frameworks/CFNetwork.framework/Versions/A/CFNetwork
0x0000000009241000 	/System/Library/Frameworks/SystemConfiguration.framework/Versions/A/SystemConfiguration
0x0000000009241000 	/usr/lib/libCRFSuite.dylib
0x0000000009241000 	/usr/lib/libc++.1.dylib
0x0000000009241000 	/usr/lib/libc++abi.dylib
0x0000000009241000 	/usr/lib/system/libcache.dylib
0x0000000009241000 	/usr/lib/system/libcommonCrypto.dylib
0x0000000009241000 	/usr/lib/system/libcompiler_rt.dylib
0x0000000009241000 	/usr/lib/system/libcopyfile.dylib
0x0000000009241000 	/usr/lib/system/libcorecrypto.dylib
0x0000000009241000 	/usr/lib/system/libdispatch.dylib
0x0000000009241000 	/usr/lib/system/libdyld.dylib
0x0000000009241000 	/usr/lib/system/libkeymgr.dylib
0x0000000009241000 	/usr/lib/system/liblaunch.dylib
0x0000000009241000 	/usr/lib/system/libmacho.dylib
0x0000000009241000 	/usr/lib/system/libquarantine.dylib
0x0000000009241000 	/usr/lib/system/libremovefile.dylib
0x0000000009241000 	/usr/lib/system/libsystem_asl.dylib
0x0000000009241000 	/usr/lib/system/libsystem_blocks.dylib
0x0000000009241000 	/usr/lib/system/libsystem_c.dylib
0x0000000009241000 	/usr/lib/system/libsystem_configuration.dylib
0x0000000009241000 	/usr/lib/system/libsystem_coreservices.dylib
0x0000000009241000 	/usr/lib/system/libsystem_coretls.dylib
0x0000000009241000 	/usr/lib/system/libsystem_dnssd.dylib
0x0000000009241000 	/usr/lib/system/libsystem_info.dylib
0x0000000009241000 	/usr/lib/system/libsystem_kernel.dylib
0x0000000009241000 	/usr/lib/system/libsystem_m.dylib
0x0000000009241000 	/usr/lib/system/libsystem_malloc.dylib
0x0000000009241000 	/usr/lib/system/libsystem_network.dylib
0x0000000009241000 	/usr/lib/system/libsystem_networkextension.dylib
0x0000000009241000 	/usr/lib/system/libsystem_notify.dylib
0x0000000009241000 	/usr/lib/system/libsystem_platform.dylib
0x0000000009241000 	/usr/lib/system/libsystem_pthread.dylib
0x0000000009241000 	/usr/lib/system/libsystem_sandbox.dylib
0x0000000009241000 	/usr/lib/system/libsystem_secinit.dylib
0x0000000009241000 	/usr/lib/system/libsystem_stats.dylib
0x0000000009241000 	/usr/lib/system/libsystem_trace.dylib
0x0000000009241000 	/usr/lib/system/libunc.dylib
0x0000000009241000 	/usr/lib/system/libunwind.dylib
0x0000000009241000 	/usr/lib/system/libxpc.dylib
0x0000000009241000 	/usr/lib/libbz2.1.0.dylib
0x0000000009241000 	/usr/lib/liblzma.5.dylib
0x0000000009241000 	/usr/lib/libbsm.0.dylib
0x0000000009241000 	/usr/lib/libsqlite3.dylib
0x0000000009241000 	/usr/lib/system/libkxld.dylib
0x0000000009241000 	/usr/lib/libxar.1.dylib
0x0000000009241000 	/usr/lib/libpam.2.dylib
0x0000000009241000 	/usr/lib/libOpenScriptingUtil.dylib
0x0000000009241000 	/System/Library/Frameworks/CoreServices.framework/Versions/A/Frameworks/FSEvents.framework/Versions/A/FSEvents
0x0000000009241000 	/System/Library/Frameworks/CoreServices.framework/Versions/A/Frameworks/CarbonCore.framework/Versions/A/CarbonCore
0x0000000009241000 	/System/Library/Frameworks/CoreServices.framework/Versions/A/Frameworks/Metadata.framework/Versions/A/Metadata
0x0000000009241000 	/System/Library/Frameworks/CoreServices.framework/Versions/A/Frameworks/OSServices.framework/Versions/A/OSServices
0x0000000009241000 	/System/Library/Frameworks/CoreServices.framework/Versions/A/Frameworks/SearchKit.framework/Versions/A/SearchKit
0x0000000009241000 	/System/Library/Frameworks/CoreServices.framework/Versions/A/Frameworks/AE.framework/Versions/A/AE
0x0000000009241000 	/System/Library/Frameworks/CoreServices.framework/Versions/A/Frameworks/LaunchServices.framework/Versions/A/LaunchServices
0x0000000009241000 	/System/Library/Frameworks/CoreServices.framework/Versions/A/Frameworks/DictionaryServices.framework/Versions/A/DictionaryServices
0x0000000009241000 	/System/Library/Frameworks/NetFS.framework/Versions/A/NetFS
0x0000000009241000 	/System/Library/PrivateFrameworks/NetAuth.framework/Versions/A/NetAuth
0x0000000009241000 	/System/Library/PrivateFrameworks/login.framework/Versions/A/Frameworks/loginsupport.framework/Versions/A/loginsupport
0x0000000009241000 	/System/Library/PrivateFrameworks/TCC.framework/Versions/A/TCC
0x0000000009241000 	/usr/lib/libmecabra.dylib
0x0000000009241000 	/System/Library/Frameworks/ApplicationServices.framework/Versions/A/Frameworks/ATS.framework/Versions/A/ATS
0x0000000009241000 	/System/Library/Frameworks/ApplicationServices.framework/Versions/A/Frameworks/ColorSync.framework/Versions/A/ColorSync
0x0000000009241000 	/System/Library/Frameworks/ApplicationServices.framework/Versions/A/Frameworks/HIServices.framework/Versions/A/HIServices
0x0000000009241000 	/System/Library/Frameworks/ApplicationServices.framework/Versions/A/Frameworks/LangAnalysis.framework/Versions/A/LangAnalysis
0x0000000009241000 	/System/Library/Frameworks/ApplicationServices.framework/Versions/A/Frameworks/PrintCore.framework/Versions/A/PrintCore
0x0000000009241000 	/System/Library/Frameworks/ApplicationServices.framework/Versions/A/Frameworks/QD.framework/Versions/A/QD
0x0000000009241000 	/System/Library/Frameworks/ApplicationServices.framework/Versions/A/Frameworks/SpeechSynthesis.framework/Versions/A/SpeechSynthesis
0x0000000009241000 	/System/Library/Frameworks/Accelerate.framework/Versions/A/Accelerate
0x0000000009241000 	/System/Library/Frameworks/Accelerate.framework/Versions/A/Frameworks/vImage.framework/Versions/A/vImage
0x0000000009241000 	/System/Library/Frameworks/Accelerate.framework/Versions/A/Frameworks/vecLib.framework/Versions/A/vecLib
0x0000000009241000 	/System/Library/Frameworks/Accelerate.framework/Versions/A/Frameworks/vecLib.framework/Versions/A/libvDSP.dylib
0x0000000009241000 	/System/Library/Frameworks/Accelerate.framework/Versions/A/Frameworks/vecLib.framework/Versions/A/libvMisc.dylib
0x0000000009241000 	/System/Library/Frameworks/Accelerate.framework/Versions/A/Frameworks/vecLib.framework/Versions/A/libLAPACK.dylib
0x0000000009241000 	/System/Library/Frameworks/Accelerate.framework/Versions/A/Frameworks/vecLib.framework/Versions/A/libBLAS.dylib
0x0000000009241000 	/System/Library/Frameworks/Accelerate.framework/Versions/A/Frameworks/vecLib.framework/Versions/A/libLinearAlgebra.dylib
0x0000000009241000 	/System/Library/Frameworks/ApplicationServices.framework/Versions/A/Frameworks/ATS.framework/Versions/A/Resources/libFontParser.dylib
0x0000000009241000 	/System/Library/Frameworks/ApplicationServices.framework/Versions/A/Frameworks/ATS.framework/Versions/A/Resources/libFontRegistry.dylib
0x0000000009241000 	/System/Library/PrivateFrameworks/AppleVPA.framework/Versions/A/AppleVPA
0x0000000009241000 	/System/Library/PrivateFrameworks/AppleJPEG.framework/Versions/A/AppleJPEG
0x0000000009241000 	/System/Library/Frameworks/ImageIO.framework/Versions/A/Resources/libJPEG.dylib
0x0000000009241000 	/System/Library/Frameworks/ImageIO.framework/Versions/A/Resources/libTIFF.dylib
0x0000000009241000 	/System/Library/Frameworks/ImageIO.framework/Versions/A/Resources/libPng.dylib
0x0000000009241000 	/System/Library/Frameworks/ImageIO.framework/Versions/A/Resources/libGIF.dylib
0x0000000009241000 	/System/Library/Frameworks/ImageIO.framework/Versions/A/Resources/libJP2.dylib
0x0000000009241000 	/System/Library/Frameworks/ImageIO.framework/Versions/A/Resources/libRadiance.dylib
0x0000000009241000 	/System/Library/Frameworks/CoreVideo.framework/Versions/A/CoreVideo
0x0000000009241000 	/System/Library/Frameworks/OpenGL.framework/Versions/A/Libraries/libGLU.dylib
0x0000000009241000 	/System/Library/Frameworks/OpenGL.framework/Versions/A/Libraries/libGFXShared.dylib
0x0000000009241000 	/System/Library/Frameworks/OpenGL.framework/Versions/A/Libraries/libGL.dylib
0x0000000009241000 	/System/Library/Frameworks/OpenGL.framework/Versions/A/Libraries/libGLImage.dylib
0x0000000009241000 	/System/Library/Frameworks/OpenGL.framework/Versions/A/Libraries/libCVMSPluginSupport.dylib
0x0000000009241000 	/System/Library/Frameworks/OpenGL.framework/Versions/A/Libraries/libCoreVMClient.dylib
0x0000000009241000 	/usr/lib/libcups.2.dylib
0x0000000009241000 	/System/Library/Frameworks/Kerberos.framework/Versions/A/Kerberos
0x0000000009241000 	/System/Library/Frameworks/GSS.framework/Versions/A/GSS
0x0000000009241000 	/usr/lib/libresolv.9.dylib
0x0000000009241000 	/usr/lib/libiconv.2.dylib
0x0000000009241000 	/System/Library/PrivateFrameworks/Heimdal.framework/Versions/A/Heimdal
0x0000000009241000 	/usr/lib/libheimdal-asn1.dylib
0x0000000009241000 	/System/Library/Frameworks/OpenDirectory.framework/Versions/A/OpenDirectory
0x0000000009241000 	/System/Library/PrivateFrameworks/CommonAuth.framework/Versions/A/CommonAuth
0x0000000009241000 	/System/Library/Frameworks/OpenDirectory.framework/Versions/A/Frameworks/CFOpenDirectory.framework/Versions/A/CFOpenDirectory
0x0000000009241000 	/System/Library/Frameworks/SecurityFoundation.framework/Versions/A/SecurityFoundation
0x0000000009241000 	/System/Library/PrivateFrameworks/LanguageModeling.framework/Versions/A/LanguageModeling
0x0000000009241000 	/usr/lib/libcmph.dylib
0x0000000009241000 	/System/Library/Frameworks/ServiceManagement.framework/Versions/A/ServiceManagement
0x0000000009241000 	/usr/lib/libxslt.1.dylib
0x0000000009241000 	/System/Library/Frameworks/Carbon.framework/Versions/A/Frameworks/Ink.framework/Versions/A/Ink
0x0000000009241000 	/System/Library/Frameworks/QuartzCore.framework/Versions/A/Frameworks/CoreImage.framework/Versions/A/CoreImage
0x0000000009241000 	/System/Library/PrivateFrameworks/CrashReporterSupport.framework/Versions/A/CrashReporterSupport
0x0000000009241000 	/System/Library/Frameworks/OpenCL.framework/Versions/A/OpenCL
0x0000000009241000 	/System/Library/PrivateFrameworks/FaceCore.framework/Versions/A/FaceCore
0x0000000009241000 	/System/Library/PrivateFrameworks/Ubiquity.framework/Versions/A/Ubiquity
0x0000000009241000 	/System/Library/PrivateFrameworks/IconServices.framework/Versions/A/IconServices
0x0000000009241000 	/System/Library/PrivateFrameworks/ChunkingLibrary.framework/Versions/A/ChunkingLibrary
0x0000000009241000 	/System/Library/PrivateFrameworks/Apple80211.framework/Versions/A/Apple80211
0x0000000009241000 	/System/Library/Frameworks/CoreWLAN.framework/Versions/A/CoreWLAN
0x0000000009241000 	/System/Library/Frameworks/IOBluetooth.framework/Versions/A/IOBluetooth
0x0000000009241000 	/System/Library/PrivateFrameworks/CoreWiFi.framework/Versions/A/CoreWiFi
0x0000000009241000 	/System/Library/Frameworks/CoreBluetooth.framework/Versions/A/CoreBluetooth
0x0000000009241000 	/System/Library/PrivateFrameworks/DebugSymbols.framework/Versions/A/DebugSymbols
0x0000000009241000 	/System/Library/PrivateFrameworks/CoreSymbolication.framework/Versions/A/CoreSymbolication
0x0000000009241000 	/System/Library/PrivateFrameworks/Symbolication.framework/Versions/A/Symbolication
0x0000000009241000 	/System/Library/PrivateFrameworks/SpeechRecognitionCore.framework/Versions/A/SpeechRecognitionCore
0x000000010dc00000 	/Library/Java/JavaVirtualMachines/jdk1.8.0_05.jdk/Contents/Home/jre/lib/server/libjvm.dylib
0x0000000009241000 	/usr/lib/libstdc++.6.dylib
0x000000010d3ca000 	/Library/Java/JavaVirtualMachines/jdk1.8.0_05.jdk/Contents/Home/jre/lib/libverify.dylib
0x000000010ebc3000 	/Library/Java/JavaVirtualMachines/jdk1.8.0_05.jdk/Contents/Home/jre/lib/libjava.dylib
0x000000010ebf7000 	/Library/Java/JavaVirtualMachines/jdk1.8.0_05.jdk/Contents/Home/jre/lib/libjdwp.dylib
0x000000010d3d9000 	/Library/Java/JavaVirtualMachines/jdk1.8.0_05.jdk/Contents/Home/jre/lib/libnpt.dylib

[error occurred during error reporting (printing dynamic libraries), id 0xb]

VM Arguments:
jvm_args: -agentlib:jdwp=transport=dt_socket,suspend=y,address=localhost:57493 -Dfile.encoding=UTF-8 
java_command: org.coinor.HS071
java_class_path (initial): /Users/TonyLane/Desktop/MOST/bin:/Users/TonyLane/Desktop/MOST/lib/log4j-1.2.17.jar:/Users/TonyLane/Desktop/MOST/lib/opencsv-2.3.jar:/Users/TonyLane/Desktop/MOST/lib/TableLayout.jar:/Users/TonyLane/Desktop/MOST/lib/swingx-all-1.6.4.jar:/Users/TonyLane/Desktop/MOST/lib/commons-lang3-3.1.jar:/Users/TonyLane/Desktop/MOST/lib/jsbml-0.8-with-dependencies.jar:/Users/TonyLane/Desktop/MOST/lib/glpk-java-javadoc.jar:/Users/TonyLane/Desktop/MOST/lib/glpk-java.jar:/Users/TonyLane/Desktop/MOST/lib/gurobi.jar
Launcher Type: SUN_STANDARD

Environment Variables:
PATH=/usr/bin:/bin:/usr/sbin:/sbin
SHELL=/bin/bash

Signal Handlers:
SIGSEGV: [libjvm.dylib+0x55f7df], sa_mask[0]=0xfffefeff, sa_flags=0x00000043
SIGBUS: [libjvm.dylib+0x55f7df], sa_mask[0]=0xfffefeff, sa_flags=0x00000042
SIGFPE: [libjvm.dylib+0x442cfa], sa_mask[0]=0xfffefeff, sa_flags=0x00000042
SIGPIPE: [libjvm.dylib+0x442cfa], sa_mask[0]=0xfffefeff, sa_flags=0x00000042
SIGXFSZ: [libjvm.dylib+0x442cfa], sa_mask[0]=0xfffefeff, sa_flags=0x00000042
SIGILL: [libjvm.dylib+0x442cfa], sa_mask[0]=0xfffefeff, sa_flags=0x00000042
SIGUSR1: SIG_DFL, sa_mask[0]=0x00000000, sa_flags=0x00000000
SIGUSR2: [libjvm.dylib+0x442818], sa_mask[0]=0x00000004, sa_flags=0x00000042
SIGHUP: [libjvm.dylib+0x440ba5], sa_mask[0]=0xfffefeff, sa_flags=0x00000042
SIGINT: [libjvm.dylib+0x440ba5], sa_mask[0]=0xfffefeff, sa_flags=0x00000042
SIGTERM: [libjvm.dylib+0x440ba5], sa_mask[0]=0xfffefeff, sa_flags=0x00000042
SIGQUIT: [libjvm.dylib+0x440ba5], sa_mask[0]=0xfffefeff, sa_flags=0x00000042


---------------  S Y S T E M  ---------------

OS:Bsduname:Darwin 14.1.0 Darwin Kernel Version 14.1.0: Mon Dec 22 23:10:38 PST 2014; root:xnu-2782.10.72~2/RELEASE_X86_64 x86_64
rlimit: STACK 8192k, CORE 0k, NPROC 709, NOFILE 10240, AS infinity
load average:1.03 1.40 1.55

CPU:total 4 

Memory: 4k page, physical 4194304k(485880k free)

/proc/meminfo:


vm_info: Java HotSpot(TM) 64-Bit Server VM (25.5-b02) for bsd-amd64 JRE (1.8.0_05-b13), built on Mar 18 2014 00:36:13 by "java_re" with gcc 4.2.1 (Based on Apple Inc. build 5658) (LLVM build 2336.11.00)

time: Sun Mar  1 18:40:05 2015
elapsed time: 1 seconds

