#
# A fatal error has been detected by the Java Runtime Environment:
#
#  SIGBUS (0xa) at pc=0x00007fff8a305409, pid=23316, tid=4867
#
# JRE version: Java(TM) SE Runtime Environment (8.0_05-b13) (build 1.8.0_05-b13)
# Java VM: Java HotSpot(TM) 64-Bit Server VM (25.5-b02 mixed mode bsd-amd64 compressed oops)
# Problematic frame:
# C  [libsystem_platform.dylib+0x1409]  _platform_memmove$VARIANT$Nehalem+0xc9
#
# Failed to write core dump. Core dumps have been disabled. To enable core dumping, try "ulimit -c unlimited" before starting Java again
#
# If you would like to submit a bug report, please visit:
#   http://bugreport.sun.com/bugreport/crash.jsp
#

---------------  T H R E A D  ---------------

Current thread (0x00007f82a3801000):  JavaThread "main" [_thread_in_vm, id=4867, stack(0x000000010cec1000,0x000000010cfc1000)]

siginfo:si_signo=SIGBUS: si_errno=0, si_code=2 (BUS_ADRERR), si_addr=0x0000000147480000

Registers:
RAX=0x00007f82a26441a0, RBX=0x0000000004000000, RCX=0x0000000000000010, RDX=0x0000000003f103f0
RSP=0x000000010cfbf340, RBP=0x000000010cfbf340, RSI=0x000000014747ffd8, RDI=0x00007f82a2733d70
R8 =0x00007f82a26441a0, R9 =0x00007f82a3801000, R10=0x000000010c872270, R11=0x00007f815b2b3d98
R12=0x0000000000000000, R13=0x00007f82a3801000, R14=0x0000000000000004, R15=0x000000010cfc0830
RIP=0x00007fff8a305409, EFLAGS=0x0000000000010202, ERR=0x0000000000000004
  TRAPNO=0x000000000000000e

Top of Stack: (sp=0x000000010cfbf340)
0x000000010cfbf340:   000000010cfbf3b0 000000010c2f6c05
0x000000010cfbf350:   00007f82a26441a0 00007f82a3801000
0x000000010cfbf360:   0000000000000000 000000010b709e00
0x000000010cfbf370:   0000000000000010 00007f82a3801000
0x000000010cfbf380:   00007f82a3801000 00007f82a2615730
0x000000010cfbf390:   0000000000000000 0000000000000001
0x000000010cfbf3a0:   000000010cfc0830 000000010cfc0810
0x000000010cfbf3b0:   000000010cfbf450 00000001a2edc38c
0x000000010cfbf3c0:   00007f8200000000 000000010cfc0810
0x000000010cfbf3d0:   000000010cfc0808 0000000000000002
0x000000010cfbf3e0:   0000000100000000 000000010cfc0818
0x000000010cfbf3f0:   000000010b735000 00007f82a26441a0
0x000000010cfbf400:   000000010cfc0810 000000010cfc0808
0x000000010cfbf410:   00007f82a26441c0 000000010cfc0818
0x000000010cfbf420:   0000000400000000 00007f82a26441a0
0x000000010cfbf430:   0000000000000001 00007f82a2645150
0x000000010cfbf440:   00007f82a263a290 00007f82a26441c0
0x000000010cfbf450:   000000010cfbf500 00000001a2f03c84
0x000000010cfbf460:   00007f82a2645150 0000000000000002
0x000000010cfbf470:   0000000100000000 00007f82a263a290
0x000000010cfbf480:   000000010cfbf790 000000010cfbf798
0x000000010cfbf490:   00000000a26440b0 000000010cfbf788
0x000000010cfbf4a0:   0000000000000004 000000018ebc8395
0x000000010cfbf4b0:   00007f82a2645150 00007f82a26420c0
0x000000010cfbf4c0:   00007f82a26441a0 00007f82a26441c0
0x000000010cfbf4d0:   00000001a30482b0 00007f82a2645050
0x000000010cfbf4e0:   00007f82a26424a0 00007f82a2642320
0x000000010cfbf4f0:   00007f82a2615870 00007f82a2644700
0x000000010cfbf500:   000000010cfbfaf0 00000001a2fac8e7
0x000000010cfbf510:   0000000100000000 000000010cfbf780
0x000000010cfbf520:   00007f8200000000 000000010cfbf778
0x000000010cfbf530:   00007f8200000000 00007f82a2644360 

Instructions: (pc=0x00007fff8a305409)
0x00007fff8a3053e9:   0f 00 00 00 74 31 0f 29 0f 0f 29 57 10 0f 29 5f
0x00007fff8a3053f9:   20 0f 29 67 30 48 83 c7 40 0f 10 0e 0f 10 56 10
0x00007fff8a305409:   0f 10 5e 20 0f 10 66 30 48 83 c6 40 48 83 ea 40
0x00007fff8a305419:   77 d4 eb 33 0f 1f 00 0f 29 0f 0f 29 57 10 0f 29 

Register to memory mapping:

RAX=0x00007f82a26441a0 is an unknown value
RBX=0x0000000004000000 is an unknown value
RCX=0x0000000000000010 is an unknown value
RDX=0x0000000003f103f0 is an unknown value
RSP=0x000000010cfbf340 is pointing into the stack for thread: 0x00007f82a3801000
RBP=0x000000010cfbf340 is pointing into the stack for thread: 0x00007f82a3801000
RSI=0x000000014747ffd8 is an oop

[error occurred during error reporting (printing register info), id 0xb]

Stack: [0x000000010cec1000,0x000000010cfc1000],  sp=0x000000010cfbf340,  free space=1016k
Native frames: (J=compiled Java code, j=interpreted, Vv=VM code, C=native code)
C  [libsystem_platform.dylib+0x1409]  _platform_memmove$VARIANT$Nehalem+0xc9
V  [libjvm.dylib+0x2f6c05]
C  [libjipopt.so+0x138c]  _ZN6Jipopt18get_starting_pointEibPdbS0_S0_ibS0_+0xbc
C  [libipopt.1.10.1.dylib+0x22c84]  _ZN5Ipopt11TNLPAdapter16GetStartingPointENS_8SmartPtrINS_6VectorEEEbS3_bS3_bS3_bS3_b+0xe4
C  [libipopt.1.10.1.dylib+0xcb8e7]  _ZN5Ipopt12OrigIpoptNLP20InitializeStructuresERNS_8SmartPtrINS_6VectorEEEbS4_bS4_bS4_bS4_bS4_S4_+0x1c37
C  [libipopt.1.10.1.dylib+0xa8c41]  _ZN5Ipopt9IpoptData24InitializeDataStructuresERNS_8IpoptNLPEbbbbb+0xb1
C  [libipopt.1.10.1.dylib+0x5d9f9]  _ZN5Ipopt25DefaultIterateInitializer18SetInitialIteratesEv+0x59
C  [libipopt.1.10.1.dylib+0x79547]  _ZN5Ipopt14IpoptAlgorithm18InitializeIteratesEv+0x17
C  [libipopt.1.10.1.dylib+0x77cf4]  _ZN5Ipopt14IpoptAlgorithm8OptimizeEb+0x154
C  [libipopt.1.10.1.dylib+0xce9e]  _ZN5Ipopt16IpoptApplication13call_optimizeEv+0x3be
C  [libipopt.1.10.1.dylib+0xc572]  _ZN5Ipopt16IpoptApplication11OptimizeNLPERKNS_8SmartPtrINS_3NLPEEERNS1_INS_16AlgorithmBuilderEEE+0x1f2
C  [libipopt.1.10.1.dylib+0xc32b]  _ZN5Ipopt16IpoptApplication11OptimizeNLPERKNS_8SmartPtrINS_3NLPEEE+0x1b
C  [libipopt.1.10.1.dylib+0xbff2]  _ZN5Ipopt16IpoptApplication12OptimizeTNLPERKNS_8SmartPtrINS_4TNLPEEE+0xc2
C  [libjipopt.so+0x1dc1]  Java_org_coinor_Ipopt_OptimizeTNLP+0xa1
j  org.coinor.Ipopt.OptimizeTNLP(JLjava/lang/String;[D[D[D[D[D[D[D[D[D)I+0
j  org.coinor.Ipopt.OptimizeNLP()I+47
j  .main([Ljava/lang/String;)V+18
v  ~StubRoutines::call_stub
V  [libjvm.dylib+0x2c5186]
V  [libjvm.dylib+0x2f9c4a]
V  [libjvm.dylib+0x2f2e93]
C  [java+0x2c89]  JavaMain+0x998
C  [libsystem_pthread.dylib+0x3268]  _pthread_body+0x83
C  [libsystem_pthread.dylib+0x31e5]  _pthread_body+0x0
C  [libsystem_pthread.dylib+0x141d]  thread_start+0xd

Java frames: (J=compiled Java code, j=interpreted, Vv=VM code)
j  org.coinor.Ipopt.OptimizeTNLP(JLjava/lang/String;[D[D[D[D[D[D[D[D[D)I+0
j  org.coinor.Ipopt.OptimizeNLP()I+47
j  .main([Ljava/lang/String;)V+18
v  ~StubRoutines::call_stub

---------------  P R O C E S S  ---------------

Java Threads: ( => current thread )
  0x00007f82a3033800 JavaThread "Service Thread" daemon [_thread_blocked, id=19715, stack(0x00000001a2cd4000,0x00000001a2dd4000)]
  0x00007f82a382b000 JavaThread "C1 CompilerThread2" daemon [_thread_blocked, id=19203, stack(0x00000001a2bd1000,0x00000001a2cd1000)]
  0x00007f82a382a800 JavaThread "C2 CompilerThread1" daemon [_thread_blocked, id=18691, stack(0x00000001a2ace000,0x00000001a2bce000)]
  0x00007f82a3829800 JavaThread "C2 CompilerThread0" daemon [_thread_blocked, id=18179, stack(0x00000001a29cb000,0x00000001a2acb000)]
  0x00007f82a400b000 JavaThread "JDWP Command Reader" daemon [_thread_in_native, id=0, stack(0x00000001a28c8000,0x00000001a29c8000)]
  0x00007f82a3028800 JavaThread "JDWP Event Helper Thread" daemon [_thread_blocked, id=0, stack(0x00000001a27c5000,0x00000001a28c5000)]
  0x00007f82a2850800 JavaThread "JDWP Transport Listener: dt_socket" daemon [_thread_blocked, id=16643, stack(0x00000001a26c2000,0x00000001a27c2000)]
  0x00007f82a3034800 JavaThread "Signal Dispatcher" daemon [_thread_blocked, id=13583, stack(0x00000001a25b8000,0x00000001a26b8000)]
  0x00007f82a280b800 JavaThread "Finalizer" daemon [_thread_blocked, id=11523, stack(0x00000001a0c77000,0x00000001a0d77000)]
  0x00007f82a3013800 JavaThread "Reference Handler" daemon [_thread_blocked, id=11011, stack(0x00000001a0b74000,0x00000001a0c74000)]
=>0x00007f82a3801000 JavaThread "main" [_thread_in_vm, id=4867, stack(0x000000010cec1000,0x000000010cfc1000)]

Other Threads:
  0x00007f82a300f000 VMThread [stack: 0x00000001a0a71000,0x00000001a0b71000] [id=10499]
  0x00007f82a400e800 WatcherThread [stack: 0x00000001a2dd7000,0x00000001a2ed7000] [id=0]

VM state:synchronizing (normal execution)

VM Mutex/Monitor currently owned by a thread:  ([mutex/lock_event])
[0x00007f82a24093c0] Safepoint_lock - owner thread: 0x00007f82a300f000
[0x00007f82a2409440] Threads_lock - owner thread: 0x00007f82a300f000

Heap:
 PSYoungGen      total 1024K, used 722K [0x0000000147300000, 0x0000000147480000, 0x000000015c800000)
  eden space 512K, 47% used [0x0000000147300000,0x000000014733cae8,0x0000000147380000)
  from space 512K, 93% used [0x0000000147380000,0x00000001473f8000,0x0000000147400000)
  to   space 512K, 0% used [0x0000000147400000,0x0000000147400000,0x0000000147480000)
 ParOldGen       total 64000K, used 8K [0x000000011c800000, 0x0000000120680000, 0x0000000147300000)
  object space 64000K, 0% used [0x000000011c800000,0x000000011c802000,0x0000000120680000)
 Metaspace       used 2796K, capacity 4562K, committed 4864K, reserved 1056768K
  class space    used 300K, capacity 386K, committed 512K, reserved 1048576K

Card table byte_map: [0x000000015c800000,0x000000015ca01000] byte_map_base: 0x000000015bf1c000

Marking Bits: (ParMarkBitMap*) 0x000000010c8660a0
 Begin Bits: [0x000000015ce0d000, 0x000000015de0d000)
 End Bits:   [0x000000015de0d000, 0x000000015ee0d000)

Polling page: 0x000000010d005000

CodeCache: size=245760Kb used=1135Kb max_used=1135Kb free=244624Kb
 bounds [0x000000010d067000, 0x000000010d2d7000, 0x000000011c067000]
 total_blobs=269 nmethods=34 adapters=159
 compilation: enabled

Compilation events (10 events):
Event: 0.231 Thread 0x00007f82a382b000   30       3       sun.util.calendar.ZoneInfoFile$Checksum::update (39 bytes)
Event: 0.231 Thread 0x00007f82a382b000 nmethod 30 0x000000010d17f790 code [0x000000010d17f900, 0x000000010d17fbc8]
Event: 0.235 Thread 0x00007f82a382b000   31       1       java.lang.Object::<init> (1 bytes)
Event: 0.235 Thread 0x00007f82a382b000 nmethod 31 0x000000010d180850 code [0x000000010d1809a0, 0x000000010d180ab0]
Event: 0.235 Thread 0x00007f82a382b000   32       3       java.lang.System::getSecurityManager (4 bytes)
Event: 0.235 Thread 0x00007f82a382b000 nmethod 32 0x000000010d180b10 code [0x000000010d180c60, 0x000000010d180d90]
Event: 0.247 Thread 0x00007f82a382b000   33       3       java.lang.CharacterData::of (120 bytes)
Event: 0.248 Thread 0x00007f82a382b000 nmethod 33 0x000000010d1823d0 code [0x000000010d182580, 0x000000010d182b30]
Event: 0.248 Thread 0x00007f82a382b000   34       3       java.lang.CharacterDataLatin1::getProperties (11 bytes)
Event: 0.248 Thread 0x00007f82a382b000 nmethod 34 0x000000010d182dd0 code [0x000000010d182f20, 0x000000010d1830b0]

GC Heap History (2 events):
Event: 0.223 GC heap before
{Heap before GC invocations=1 (full 0):
 PSYoungGen      total 1024K, used 512K [0x0000000147300000, 0x0000000147480000, 0x000000015c800000)
  eden space 512K, 100% used [0x0000000147300000,0x0000000147380000,0x0000000147380000)
  from space 512K, 0% used [0x0000000147400000,0x0000000147400000,0x0000000147480000)
  to   space 512K, 0% used [0x0000000147380000,0x0000000147380000,0x0000000147400000)
 ParOldGen       total 64000K, used 0K [0x000000011c800000, 0x0000000120680000, 0x0000000147300000)
  object space 64000K, 0% used [0x000000011c800000,0x000000011c800000,0x0000000120680000)
 Metaspace       used 2531K, capacity 4480K, committed 4480K, reserved 1056768K
  class space    used 269K, capacity 384K, committed 384K, reserved 1048576K
Event: 0.224 GC heap after
Heap after GC invocations=1 (full 0):
 PSYoungGen      total 1024K, used 480K [0x0000000147300000, 0x0000000147480000, 0x000000015c800000)
  eden space 512K, 0% used [0x0000000147300000,0x0000000147300000,0x0000000147380000)
  from space 512K, 93% used [0x0000000147380000,0x00000001473f8000,0x0000000147400000)
  to   space 512K, 0% used [0x0000000147400000,0x0000000147400000,0x0000000147480000)
 ParOldGen       total 64000K, used 8K [0x000000011c800000, 0x0000000120680000, 0x0000000147300000)
  object space 64000K, 0% used [0x000000011c800000,0x000000011c802000,0x0000000120680000)
 Metaspace       used 2531K, capacity 4480K, committed 4480K, reserved 1056768K
  class space    used 269K, capacity 384K, committed 384K, reserved 1048576K
}

Deoptimization events (0 events):
No events

Internal exceptions (7 events):
Event: 0.048 Thread 0x00007f82a3801000 Exception <a 'java/lang/NoSuchMethodError': Method sun.misc.Unsafe.defineClass(Ljava/lang/String;[BII)Ljava/lang/Class; name or signature does not match> (0x00000001473144a8) thrown at [/HUDSON/workspace/8-2-build-macosx-x86_64/jdk8u5/2488/hotspot/src/sha
Event: 0.048 Thread 0x00007f82a3801000 Exception <a 'java/lang/NoSuchMethodError': Method sun.misc.Unsafe.prefetchRead(Ljava/lang/Object;J)V name or signature does not match> (0x0000000147314738) thrown at [/HUDSON/workspace/8-2-build-macosx-x86_64/jdk8u5/2488/hotspot/src/share/vm/prims/jni.cp
Event: 0.236 Thread 0x00007f82a3801000 Exception <a 'java/util/zip/ZipException'> (0x0000000147324f30) thrown at [/HUDSON/workspace/8-2-build-macosx-x86_64/jdk8u5/2488/hotspot/src/share/vm/prims/jni.cpp, line 716]
Event: 0.236 Thread 0x00007f82a3801000 Exception <a 'java/security/PrivilegedActionException'> (0x0000000147325170) thrown at [/HUDSON/workspace/8-2-build-macosx-x86_64/jdk8u5/2488/hotspot/src/share/vm/prims/jvm.cpp, line 1248]
Event: 0.236 Thread 0x00007f82a3801000 Exception <a 'java/security/PrivilegedActionException'> (0x0000000147325328) thrown at [/HUDSON/workspace/8-2-build-macosx-x86_64/jdk8u5/2488/hotspot/src/share/vm/prims/jvm.cpp, line 1248]
Event: 0.238 Thread 0x00007f82a3801000 Exception <a 'java/security/PrivilegedActionException'> (0x0000000147327978) thrown at [/HUDSON/workspace/8-2-build-macosx-x86_64/jdk8u5/2488/hotspot/src/share/vm/prims/jvm.cpp, line 1248]
Event: 0.242 Thread 0x00007f82a3801000 Exception <a 'java/security/PrivilegedActionException'> (0x00000001473343b0) thrown at [/HUDSON/workspace/8-2-build-macosx-x86_64/jdk8u5/2488/hotspot/src/share/vm/prims/jvm.cpp, line 1248]

Events (10 events):
Event: 0.241 loading class java/security/BasicPermissionCollection
Event: 0.241 loading class java/security/BasicPermissionCollection done
Event: 0.242 loading class org/coinor/Ipopt
Event: 0.242 loading class org/coinor/Ipopt done
Event: 0.243 loading class sun/launcher/LauncherHelper$FXHelper
Event: 0.243 loading class sun/launcher/LauncherHelper$FXHelper done
Event: 0.243 loading class java/util/concurrent/ConcurrentHashMap$ForwardingNode
Event: 0.243 loading class java/util/concurrent/ConcurrentHashMap$ForwardingNode done
Event: 0.243 loading class java/lang/AssertionError
Event: 0.243 loading class java/lang/AssertionError done


Dynamic libraries:
0x0000000009241000 	/System/Library/Frameworks/Cocoa.framework/Versions/A/Cocoa
0x0000000009241000 	/System/Library/Frameworks/Security.framework/Versions/A/Security
0x0000000009241000 	/System/Library/Frameworks/ApplicationServices.framework/Versions/A/ApplicationServices
0x0000000009241000 	/usr/lib/libz.1.dylib
0x0000000009241000 	/usr/lib/libSystem.B.dylib
0x0000000009241000 	/usr/lib/libobjc.A.dylib
0x0000000009241000 	/System/Library/Frameworks/CoreFoundation.framework/Versions/A/CoreFoundation
0x0000000009241000 	/System/Library/Frameworks/Foundation.framework/Versions/C/Foundation
0x0000000009241000 	/System/Library/Frameworks/AppKit.framework/Versions/C/AppKit
0x0000000009241000 	/System/Library/Frameworks/CoreData.framework/Versions/A/CoreData
0x0000000009241000 	/System/Library/PrivateFrameworks/RemoteViewServices.framework/Versions/A/RemoteViewServices
0x0000000009241000 	/System/Library/PrivateFrameworks/UIFoundation.framework/Versions/A/UIFoundation
0x0000000009241000 	/System/Library/Frameworks/IOSurface.framework/Versions/A/IOSurface
0x0000000009241000 	/System/Library/Frameworks/AudioToolbox.framework/Versions/A/AudioToolbox
0x0000000009241000 	/System/Library/Frameworks/AudioUnit.framework/Versions/A/AudioUnit
0x0000000009241000 	/System/Library/PrivateFrameworks/DataDetectorsCore.framework/Versions/A/DataDetectorsCore
0x0000000009241000 	/System/Library/PrivateFrameworks/DesktopServicesPriv.framework/Versions/A/DesktopServicesPriv
0x0000000009241000 	/System/Library/Frameworks/Carbon.framework/Versions/A/Frameworks/HIToolbox.framework/Versions/A/HIToolbox
0x0000000009241000 	/System/Library/Frameworks/QuartzCore.framework/Versions/A/QuartzCore
0x0000000009241000 	/System/Library/Frameworks/Carbon.framework/Versions/A/Frameworks/SpeechRecognition.framework/Versions/A/SpeechRecognition
0x0000000009241000 	/usr/lib/libauto.dylib
0x0000000009241000 	/usr/lib/libicucore.A.dylib
0x0000000009241000 	/usr/lib/libxml2.2.dylib
0x0000000009241000 	/System/Library/PrivateFrameworks/CoreUI.framework/Versions/A/CoreUI
0x0000000009241000 	/System/Library/Frameworks/CoreAudio.framework/Versions/A/CoreAudio
0x0000000009241000 	/System/Library/Frameworks/DiskArbitration.framework/Versions/A/DiskArbitration
0x0000000009241000 	/usr/lib/liblangid.dylib
0x0000000009241000 	/System/Library/PrivateFrameworks/MultitouchSupport.framework/Versions/A/MultitouchSupport
0x0000000009241000 	/System/Library/Frameworks/IOKit.framework/Versions/A/IOKit
0x0000000009241000 	/usr/lib/libDiagnosticMessagesClient.dylib
0x0000000009241000 	/System/Library/Frameworks/CoreServices.framework/Versions/A/CoreServices
0x0000000009241000 	/System/Library/PrivateFrameworks/PerformanceAnalysis.framework/Versions/A/PerformanceAnalysis
0x0000000009241000 	/System/Library/PrivateFrameworks/GenerationalStorage.framework/Versions/A/GenerationalStorage
0x0000000009241000 	/System/Library/Frameworks/OpenGL.framework/Versions/A/OpenGL
0x0000000009241000 	/System/Library/PrivateFrameworks/Sharing.framework/Versions/A/Sharing
0x0000000009241000 	/System/Library/Frameworks/CoreGraphics.framework/Versions/A/CoreGraphics
0x0000000009241000 	/System/Library/Frameworks/CoreText.framework/Versions/A/CoreText
0x0000000009241000 	/System/Library/Frameworks/ImageIO.framework/Versions/A/ImageIO
0x0000000009241000 	/usr/lib/libextension.dylib
0x0000000009241000 	/System/Library/PrivateFrameworks/Backup.framework/Versions/A/Backup
0x0000000009241000 	/usr/lib/libarchive.2.dylib
0x0000000009241000 	/System/Library/Frameworks/CFNetwork.framework/Versions/A/CFNetwork
0x0000000009241000 	/System/Library/Frameworks/SystemConfiguration.framework/Versions/A/SystemConfiguration
0x0000000009241000 	/usr/lib/libCRFSuite.dylib
0x0000000009241000 	/usr/lib/libc++.1.dylib
0x0000000009241000 	/usr/lib/libc++abi.dylib
0x0000000009241000 	/usr/lib/system/libcache.dylib
0x0000000009241000 	/usr/lib/system/libcommonCrypto.dylib
0x0000000009241000 	/usr/lib/system/libcompiler_rt.dylib
0x0000000009241000 	/usr/lib/system/libcopyfile.dylib
0x0000000009241000 	/usr/lib/system/libcorecrypto.dylib
0x0000000009241000 	/usr/lib/system/libdispatch.dylib
0x0000000009241000 	/usr/lib/system/libdyld.dylib
0x0000000009241000 	/usr/lib/system/libkeymgr.dylib
0x0000000009241000 	/usr/lib/system/liblaunch.dylib
0x0000000009241000 	/usr/lib/system/libmacho.dylib
0x0000000009241000 	/usr/lib/system/libquarantine.dylib
0x0000000009241000 	/usr/lib/system/libremovefile.dylib
0x0000000009241000 	/usr/lib/system/libsystem_asl.dylib
0x0000000009241000 	/usr/lib/system/libsystem_blocks.dylib
0x0000000009241000 	/usr/lib/system/libsystem_c.dylib
0x0000000009241000 	/usr/lib/system/libsystem_configuration.dylib
0x0000000009241000 	/usr/lib/system/libsystem_coreservices.dylib
0x0000000009241000 	/usr/lib/system/libsystem_coretls.dylib
0x0000000009241000 	/usr/lib/system/libsystem_dnssd.dylib
0x0000000009241000 	/usr/lib/system/libsystem_info.dylib
0x0000000009241000 	/usr/lib/system/libsystem_kernel.dylib
0x0000000009241000 	/usr/lib/system/libsystem_m.dylib
0x0000000009241000 	/usr/lib/system/libsystem_malloc.dylib
0x0000000009241000 	/usr/lib/system/libsystem_network.dylib
0x0000000009241000 	/usr/lib/system/libsystem_networkextension.dylib
0x0000000009241000 	/usr/lib/system/libsystem_notify.dylib
0x0000000009241000 	/usr/lib/system/libsystem_platform.dylib
0x0000000009241000 	/usr/lib/system/libsystem_pthread.dylib
0x0000000009241000 	/usr/lib/system/libsystem_sandbox.dylib
0x0000000009241000 	/usr/lib/system/libsystem_secinit.dylib
0x0000000009241000 	/usr/lib/system/libsystem_stats.dylib
0x0000000009241000 	/usr/lib/system/libsystem_trace.dylib
0x0000000009241000 	/usr/lib/system/libunc.dylib
0x0000000009241000 	/usr/lib/system/libunwind.dylib
0x0000000009241000 	/usr/lib/system/libxpc.dylib
0x0000000009241000 	/usr/lib/libbz2.1.0.dylib
0x0000000009241000 	/usr/lib/liblzma.5.dylib
0x0000000009241000 	/usr/lib/libbsm.0.dylib
0x0000000009241000 	/usr/lib/libsqlite3.dylib
0x0000000009241000 	/usr/lib/system/libkxld.dylib
0x0000000009241000 	/usr/lib/libxar.1.dylib
0x0000000009241000 	/usr/lib/libpam.2.dylib
0x0000000009241000 	/usr/lib/libOpenScriptingUtil.dylib
0x0000000009241000 	/System/Library/Frameworks/CoreServices.framework/Versions/A/Frameworks/FSEvents.framework/Versions/A/FSEvents
0x0000000009241000 	/System/Library/Frameworks/CoreServices.framework/Versions/A/Frameworks/CarbonCore.framework/Versions/A/CarbonCore
0x0000000009241000 	/System/Library/Frameworks/CoreServices.framework/Versions/A/Frameworks/Metadata.framework/Versions/A/Metadata
0x0000000009241000 	/System/Library/Frameworks/CoreServices.framework/Versions/A/Frameworks/OSServices.framework/Versions/A/OSServices
0x0000000009241000 	/System/Library/Frameworks/CoreServices.framework/Versions/A/Frameworks/SearchKit.framework/Versions/A/SearchKit
0x0000000009241000 	/System/Library/Frameworks/CoreServices.framework/Versions/A/Frameworks/AE.framework/Versions/A/AE
0x0000000009241000 	/System/Library/Frameworks/CoreServices.framework/Versions/A/Frameworks/LaunchServices.framework/Versions/A/LaunchServices
0x0000000009241000 	/System/Library/Frameworks/CoreServices.framework/Versions/A/Frameworks/DictionaryServices.framework/Versions/A/DictionaryServices
0x0000000009241000 	/System/Library/Frameworks/NetFS.framework/Versions/A/NetFS
0x0000000009241000 	/System/Library/PrivateFrameworks/NetAuth.framework/Versions/A/NetAuth
0x0000000009241000 	/System/Library/PrivateFrameworks/login.framework/Versions/A/Frameworks/loginsupport.framework/Versions/A/loginsupport
0x0000000009241000 	/System/Library/PrivateFrameworks/TCC.framework/Versions/A/TCC
0x0000000009241000 	/usr/lib/libmecabra.dylib
0x0000000009241000 	/System/Library/Frameworks/ApplicationServices.framework/Versions/A/Frameworks/ATS.framework/Versions/A/ATS
0x0000000009241000 	/System/Library/Frameworks/ApplicationServices.framework/Versions/A/Frameworks/ColorSync.framework/Versions/A/ColorSync
0x0000000009241000 	/System/Library/Frameworks/ApplicationServices.framework/Versions/A/Frameworks/HIServices.framework/Versions/A/HIServices
0x0000000009241000 	/System/Library/Frameworks/ApplicationServices.framework/Versions/A/Frameworks/LangAnalysis.framework/Versions/A/LangAnalysis
0x0000000009241000 	/System/Library/Frameworks/ApplicationServices.framework/Versions/A/Frameworks/PrintCore.framework/Versions/A/PrintCore
0x0000000009241000 	/System/Library/Frameworks/ApplicationServices.framework/Versions/A/Frameworks/QD.framework/Versions/A/QD
0x0000000009241000 	/System/Library/Frameworks/ApplicationServices.framework/Versions/A/Frameworks/SpeechSynthesis.framework/Versions/A/SpeechSynthesis
0x0000000009241000 	/System/Library/Frameworks/Accelerate.framework/Versions/A/Accelerate
0x0000000009241000 	/System/Library/Frameworks/Accelerate.framework/Versions/A/Frameworks/vImage.framework/Versions/A/vImage
0x0000000009241000 	/System/Library/Frameworks/Accelerate.framework/Versions/A/Frameworks/vecLib.framework/Versions/A/vecLib
0x0000000009241000 	/System/Library/Frameworks/Accelerate.framework/Versions/A/Frameworks/vecLib.framework/Versions/A/libvDSP.dylib
0x0000000009241000 	/System/Library/Frameworks/Accelerate.framework/Versions/A/Frameworks/vecLib.framework/Versions/A/libvMisc.dylib
0x0000000009241000 	/System/Library/Frameworks/Accelerate.framework/Versions/A/Frameworks/vecLib.framework/Versions/A/libLAPACK.dylib
0x0000000009241000 	/System/Library/Frameworks/Accelerate.framework/Versions/A/Frameworks/vecLib.framework/Versions/A/libBLAS.dylib
0x0000000009241000 	/System/Library/Frameworks/Accelerate.framework/Versions/A/Frameworks/vecLib.framework/Versions/A/libLinearAlgebra.dylib
0x0000000009241000 	/System/Library/Frameworks/ApplicationServices.framework/Versions/A/Frameworks/ATS.framework/Versions/A/Resources/libFontParser.dylib
0x0000000009241000 	/System/Library/Frameworks/ApplicationServices.framework/Versions/A/Frameworks/ATS.framework/Versions/A/Resources/libFontRegistry.dylib
0x0000000009241000 	/System/Library/PrivateFrameworks/AppleVPA.framework/Versions/A/AppleVPA
0x0000000009241000 	/System/Library/PrivateFrameworks/AppleJPEG.framework/Versions/A/AppleJPEG
0x0000000009241000 	/System/Library/Frameworks/ImageIO.framework/Versions/A/Resources/libJPEG.dylib
0x0000000009241000 	/System/Library/Frameworks/ImageIO.framework/Versions/A/Resources/libTIFF.dylib
0x0000000009241000 	/System/Library/Frameworks/ImageIO.framework/Versions/A/Resources/libPng.dylib
0x0000000009241000 	/System/Library/Frameworks/ImageIO.framework/Versions/A/Resources/libGIF.dylib
0x0000000009241000 	/System/Library/Frameworks/ImageIO.framework/Versions/A/Resources/libJP2.dylib
0x0000000009241000 	/System/Library/Frameworks/ImageIO.framework/Versions/A/Resources/libRadiance.dylib
0x0000000009241000 	/System/Library/Frameworks/CoreVideo.framework/Versions/A/CoreVideo
0x0000000009241000 	/System/Library/Frameworks/OpenGL.framework/Versions/A/Libraries/libGLU.dylib
0x0000000009241000 	/System/Library/Frameworks/OpenGL.framework/Versions/A/Libraries/libGFXShared.dylib
0x0000000009241000 	/System/Library/Frameworks/OpenGL.framework/Versions/A/Libraries/libGL.dylib
0x0000000009241000 	/System/Library/Frameworks/OpenGL.framework/Versions/A/Libraries/libGLImage.dylib
0x0000000009241000 	/System/Library/Frameworks/OpenGL.framework/Versions/A/Libraries/libCVMSPluginSupport.dylib
0x0000000009241000 	/System/Library/Frameworks/OpenGL.framework/Versions/A/Libraries/libCoreVMClient.dylib
0x0000000009241000 	/usr/lib/libcups.2.dylib
0x0000000009241000 	/System/Library/Frameworks/Kerberos.framework/Versions/A/Kerberos
0x0000000009241000 	/System/Library/Frameworks/GSS.framework/Versions/A/GSS
0x0000000009241000 	/usr/lib/libresolv.9.dylib
0x0000000009241000 	/usr/lib/libiconv.2.dylib
0x0000000009241000 	/System/Library/PrivateFrameworks/Heimdal.framework/Versions/A/Heimdal
0x0000000009241000 	/usr/lib/libheimdal-asn1.dylib
0x0000000009241000 	/System/Library/Frameworks/OpenDirectory.framework/Versions/A/OpenDirectory
0x0000000009241000 	/System/Library/PrivateFrameworks/CommonAuth.framework/Versions/A/CommonAuth
0x0000000009241000 	/System/Library/Frameworks/OpenDirectory.framework/Versions/A/Frameworks/CFOpenDirectory.framework/Versions/A/CFOpenDirectory
0x0000000009241000 	/System/Library/Frameworks/SecurityFoundation.framework/Versions/A/SecurityFoundation
0x0000000009241000 	/System/Library/PrivateFrameworks/LanguageModeling.framework/Versions/A/LanguageModeling
0x0000000009241000 	/usr/lib/libcmph.dylib
0x0000000009241000 	/System/Library/Frameworks/ServiceManagement.framework/Versions/A/ServiceManagement
0x0000000009241000 	/usr/lib/libxslt.1.dylib
0x0000000009241000 	/System/Library/Frameworks/Carbon.framework/Versions/A/Frameworks/Ink.framework/Versions/A/Ink
0x0000000009241000 	/System/Library/Frameworks/QuartzCore.framework/Versions/A/Frameworks/CoreImage.framework/Versions/A/CoreImage
0x0000000009241000 	/System/Library/PrivateFrameworks/CrashReporterSupport.framework/Versions/A/CrashReporterSupport
0x0000000009241000 	/System/Library/Frameworks/OpenCL.framework/Versions/A/OpenCL
0x0000000009241000 	/System/Library/PrivateFrameworks/FaceCore.framework/Versions/A/FaceCore
0x0000000009241000 	/System/Library/PrivateFrameworks/Ubiquity.framework/Versions/A/Ubiquity
0x0000000009241000 	/System/Library/PrivateFrameworks/IconServices.framework/Versions/A/IconServices
0x0000000009241000 	/System/Library/PrivateFrameworks/ChunkingLibrary.framework/Versions/A/ChunkingLibrary
0x0000000009241000 	/System/Library/PrivateFrameworks/Apple80211.framework/Versions/A/Apple80211
0x0000000009241000 	/System/Library/Frameworks/CoreWLAN.framework/Versions/A/CoreWLAN
0x0000000009241000 	/System/Library/Frameworks/IOBluetooth.framework/Versions/A/IOBluetooth
0x0000000009241000 	/System/Library/PrivateFrameworks/CoreWiFi.framework/Versions/A/CoreWiFi
0x0000000009241000 	/System/Library/Frameworks/CoreBluetooth.framework/Versions/A/CoreBluetooth
0x0000000009241000 	/System/Library/PrivateFrameworks/DebugSymbols.framework/Versions/A/DebugSymbols
0x0000000009241000 	/System/Library/PrivateFrameworks/CoreSymbolication.framework/Versions/A/CoreSymbolication
0x0000000009241000 	/System/Library/PrivateFrameworks/Symbolication.framework/Versions/A/Symbolication
0x0000000009241000 	/System/Library/PrivateFrameworks/SpeechRecognitionCore.framework/Versions/A/SpeechRecognitionCore
0x000000010c000000 	/Library/Java/JavaVirtualMachines/jdk1.8.0_05.jdk/Contents/Home/jre/lib/server/libjvm.dylib
0x0000000009241000 	/usr/lib/libstdc++.6.dylib
0x000000010cfc3000 	/Library/Java/JavaVirtualMachines/jdk1.8.0_05.jdk/Contents/Home/jre/lib/libverify.dylib
0x000000010cfd1000 	/Library/Java/JavaVirtualMachines/jdk1.8.0_05.jdk/Contents/Home/jre/lib/libjava.dylib
0x000000010d006000 	/Library/Java/JavaVirtualMachines/jdk1.8.0_05.jdk/Contents/Home/jre/lib/libjdwp.dylib
0x000000010d051000 	/Library/Java/JavaVirtualMachines/jdk1.8.0_05.jdk/Contents/Home/jre/lib/libnpt.dylib
0x000000010d05e000 	/Library/Java/JavaVirtualMachines/jdk1.8.0_05.jdk/Contents/Home/jre/lib/libzip.dylib

[error occurred during error reporting (printing dynamic libraries), id 0xb]

VM Arguments:
jvm_args: -agentlib:jdwp=transport=dt_socket,suspend=y,address=localhost:57505 -Dfile.encoding=UTF-8 
java_command: org.coinor.HS071
java_class_path (initial): /Users/TonyLane/Desktop/MOST/bin:/Users/TonyLane/Desktop/MOST/lib/log4j-1.2.17.jar:/Users/TonyLane/Desktop/MOST/lib/opencsv-2.3.jar:/Users/TonyLane/Desktop/MOST/lib/TableLayout.jar:/Users/TonyLane/Desktop/MOST/lib/swingx-all-1.6.4.jar:/Users/TonyLane/Desktop/MOST/lib/commons-lang3-3.1.jar:/Users/TonyLane/Desktop/MOST/lib/jsbml-0.8-with-dependencies.jar:/Users/TonyLane/Desktop/MOST/lib/glpk-java-javadoc.jar:/Users/TonyLane/Desktop/MOST/lib/glpk-java.jar:/Users/TonyLane/Desktop/MOST/lib/gurobi.jar
Launcher Type: SUN_STANDARD

Environment Variables:
PATH=/usr/bin:/bin:/usr/sbin:/sbin
SHELL=/bin/bash

Signal Handlers:
SIGSEGV: [libjvm.dylib+0x55f7df], sa_mask[0]=0xfffefeff, sa_flags=0x00000043
SIGBUS: [libjvm.dylib+0x55f7df], sa_mask[0]=0xfffefeff, sa_flags=0x00000042
SIGFPE: [libjvm.dylib+0x442cfa], sa_mask[0]=0xfffefeff, sa_flags=0x00000042
SIGPIPE: [libjvm.dylib+0x442cfa], sa_mask[0]=0xfffefeff, sa_flags=0x00000042
SIGXFSZ: [libjvm.dylib+0x442cfa], sa_mask[0]=0xfffefeff, sa_flags=0x00000042
SIGILL: [libjvm.dylib+0x442cfa], sa_mask[0]=0xfffefeff, sa_flags=0x00000042
SIGUSR1: SIG_DFL, sa_mask[0]=0x00000000, sa_flags=0x00000000
SIGUSR2: [libjvm.dylib+0x442818], sa_mask[0]=0x00000004, sa_flags=0x00000042
SIGHUP: [libjvm.dylib+0x440ba5], sa_mask[0]=0xfffefeff, sa_flags=0x00000042
SIGINT: [libjvm.dylib+0x440ba5], sa_mask[0]=0xfffefeff, sa_flags=0x00000042
SIGTERM: [libjvm.dylib+0x440ba5], sa_mask[0]=0xfffefeff, sa_flags=0x00000042
SIGQUIT: [libjvm.dylib+0x440ba5], sa_mask[0]=0xfffefeff, sa_flags=0x00000042


---------------  S Y S T E M  ---------------

OS:Bsduname:Darwin 14.1.0 Darwin Kernel Version 14.1.0: Mon Dec 22 23:10:38 PST 2014; root:xnu-2782.10.72~2/RELEASE_X86_64 x86_64
rlimit: STACK 8192k, CORE 0k, NPROC 709, NOFILE 10240, AS infinity
load average:1.55 1.43 1.53

CPU:total 4 (2 cores per cpu, 2 threads per core) family 6 model 37 stepping 5, cmov, cx8, fxsr, mmx, sse, sse2, sse3, ssse3, sse4.1, sse4.2, popcnt, ht, tsc, tscinvbit

Memory: 4k page, physical 4194304k(405208k free)

/proc/meminfo:


vm_info: Java HotSpot(TM) 64-Bit Server VM (25.5-b02) for bsd-amd64 JRE (1.8.0_05-b13), built on Mar 18 2014 00:36:13 by "java_re" with gcc 4.2.1 (Based on Apple Inc. build 5658) (LLVM build 2336.11.00)

