

CmdLine:	C:\Users\Rutgers\Documents\MOST_dist022514\MOST.exe --l4j-debug
WOW64:		yes
Check launcher:	 (n/a)
64-bit search:	SOFTWARE\JavaSoft\Java Runtime Environment...
Ignore:		SOFTWARE\JavaSoft\Java Runtime Environment\1.6
Ignore:		SOFTWARE\JavaSoft\Java Runtime Environment\1.6.0_27
Ignore:		SOFTWARE\JavaSoft\Java Runtime Environment\1.7
Match:		SOFTWARE\JavaSoft\Java Runtime Environment\1.7.0_45
Using 64-bit runtime.
64-bit search:	SOFTWARE\JavaSoft\Java Development Kit...
Ignore:		SOFTWARE\JavaSoft\Java Development Kit\1.7
Ignore:		SOFTWARE\JavaSoft\Java Development Kit\1.7.0
Ignore:		SOFTWARE\JavaSoft\Java Development Kit\1.7.0_13
Ignore:		SOFTWARE\JavaSoft\Java Development Kit\1.7.0_40
Using 64-bit runtime.
Check launcher:	C:\Program Files\Java\jre7\bin\javaw.exe (OK)
Launcher:	C:\Program Files\Java\jre7\bin\javaw.exe
Launcher args:	-jar "C:\Users\Rutgers\Documents\MOST_dist022514\MOST.jar"
Args length:	58/32768 chars
Exit code:	0
